<?xml version="1.0" encoding="UTF-8"?>
<!-- Generated by org.testng.reporters.JUnitReportReporter -->
<testsuite hostname="LavsLaptop" failures="0" tests="5" name="testCases.TC_003_LoginDDT" time="33.297" errors="0" timestamp="2023-10-27T08:57:37 BST" skipped="0">
  <testcase classname="testCases.TC_003_LoginDDT" name="test_loginDDT" time="0.846"/>
  <testcase classname="testCases.TC_003_LoginDDT" name="test_loginDDT" time="10.399"/>
  <testcase classname="testCases.TC_003_LoginDDT" name="test_loginDDT" time="1.231"/>
  <testcase classname="testCases.TC_003_LoginDDT" name="test_loginDDT" time="10.420"/>
  <testcase classname="testCases.TC_003_LoginDDT" name="test_loginDDT" time="10.401"/>
</testsuite> <!-- testCases.TC_003_LoginDDT -->
