<?xml version="1.0" encoding="UTF-8"?>
<!-- Generated by org.testng.reporters.JUnitReportReporter -->
<testsuite hostname="LavsLaptop" failures="0" tests="1" name="testCases.TC_001_account_Registration" time="4.707" errors="0" timestamp="2023-10-26T19:50:53 BST" skipped="0">
  <testcase classname="testCases.TC_001_account_Registration" name="test_account_Registration" time="4.707"/>
</testsuite> <!-- testCases.TC_001_account_Registration -->
