<?xml version="1.0" encoding="UTF-8"?>
<!-- Generated by org.testng.reporters.JUnitReportReporter -->
<testsuite hostname="LavsLaptop" failures="0" tests="1" name="testCases.TC_002_LoginTest" time="1.187" errors="0" timestamp="2023-10-26T19:51:41 BST" skipped="0">
  <testcase classname="testCases.TC_002_LoginTest" name="test_login" time="1.187"/>
</testsuite> <!-- testCases.TC_002_LoginTest -->
