<?xml version="1.0" encoding="UTF-8"?>
<!-- Generated by org.testng.reporters.JUnitReportReporter -->
<testsuite hostname="LavsLaptop" failures="0" tests="5" name="testCases.TC_003_LoginDDT" time="35.868" errors="0" timestamp="2023-10-27T10:10:34 BST" skipped="0">
  <testcase classname="testCases.TC_003_LoginDDT" name="test_loginDDT" time="1.769"/>
  <testcase classname="testCases.TC_003_LoginDDT" name="test_loginDDT" time="10.857"/>
  <testcase classname="testCases.TC_003_LoginDDT" name="test_loginDDT" time="1.686"/>
  <testcase classname="testCases.TC_003_LoginDDT" name="test_loginDDT" time="10.675"/>
  <testcase classname="testCases.TC_003_LoginDDT" name="test_loginDDT" time="10.881"/>
</testsuite> <!-- testCases.TC_003_LoginDDT -->
